[ 2014-09-02T14:01:34+08:00 ] 111.67.193.68 /eds/Home/Bbs/post_dtl
INFO: [ app_init ] --START--
INFO: Run Behavior\BuildLiteBehavior [ RunTime:0.000000s ]
INFO: [ app_init ] --END-- [ RunTime:0.004001s ]
INFO: [ app_begin ] --START--
INFO: Run Behavior\ReadHtmlCacheBehavior [ RunTime:0.004000s ]
INFO: [ app_begin ] --END-- [ RunTime:0.007000s ]
NOTIC: [8] A session had already been started - ignoring session_start() D:\Xampp\htdocs\eds\ThinkPHP\Common\functions.php 第 1191 行.
INFO: [ view_parse ] --START--
INFO: Run Behavior\ParseTemplateBehavior [ RunTime:0.029002s ]
INFO: [ view_parse ] --END-- [ RunTime:0.031002s ]
INFO: [ view_filter ] --START--
INFO: Run Behavior\WriteHtmlCacheBehavior [ RunTime:0.005000s ]
INFO: [ view_filter ] --END-- [ RunTime:0.008001s ]
INFO: [ app_end ] --START--
INFO: Run Behavior\ShowPageTraceBehavior [ RunTime:0.031002s ]
INFO: [ app_end ] --END-- [ RunTime:0.033002s ]

[ 2014-09-02T14:01:34+08:00 ] 111.67.193.68 /eds/Home/Course
INFO: [ app_init ] --START--
INFO: Run Behavior\BuildLiteBehavior [ RunTime:0.000000s ]
INFO: [ app_init ] --END-- [ RunTime:0.005001s ]
INFO: [ app_begin ] --START--
INFO: Run Behavior\ReadHtmlCacheBehavior [ RunTime:0.005000s ]
INFO: [ app_begin ] --END-- [ RunTime:0.007000s ]
NOTIC: [8] A session had already been started - ignoring session_start() D:\Xampp\htdocs\eds\ThinkPHP\Common\functions.php 第 1191 行.
INFO: [ view_parse ] --START--
INFO: [ template_filter ] --START--
INFO: Run Behavior\ContentReplaceBehavior [ RunTime:0.001000s ]
INFO: [ template_filter ] --END-- [ RunTime:0.003001s ]
NOTIC: [8] Undefined variable: page_title D:\Xampp\htdocs\eds\Application\Runtime\Cache\Home\5fd5f4d6eb6ceaf4d8869415689e1250.php 第 5 行.
INFO: Run Behavior\ParseTemplateBehavior [ RunTime:0.179010s ]
INFO: [ view_parse ] --END-- [ RunTime:0.181010s ]
INFO: [ view_filter ] --START--
INFO: Run Behavior\WriteHtmlCacheBehavior [ RunTime:0.003000s ]
INFO: [ view_filter ] --END-- [ RunTime:0.005000s ]
INFO: [ app_end ] --START--
INFO: Run Behavior\ShowPageTraceBehavior [ RunTime:0.003000s ]
INFO: [ app_end ] --END-- [ RunTime:0.005000s ]

